<?xml version="1.0" encoding="UTF-8"?>
<testsuite xmlns:xsi="http://www.w3.org/2001/XMLSchema-instance" xsi:noNamespaceSchemaLocation="https://maven.apache.org/surefire/maven-surefire-plugin/xsd/surefire-test-report-3.0.xsd" version="3.0" name="springboot3_aws_lambda.api_gateway.StreamLambdaHandlerTest" time="2.305" tests="2" errors="0" skipped="0" failures="0">
  <properties>
[...]
</properties>
  <testcase name="ping_streamRequest_respondsWithHello" classname="springboot3_aws_lambda.api_gateway.StreamLambdaHandlerTest" time="0.206">
    <system-out><![CDATA[16:14:08.503 [main] INFO com.amazonaws.serverless.proxy.internal.LambdaContainerHandler -- Starting Lambda Container Handler

  .   ____          _            __ _ _
 /\\ / ___'_ __ _ _(_)_ __  __ _ \ \ \ \
( ( )\___ | '_ | '_| | '_ \/ _` | \ \ \ \
 \\/  ___)| |_)| | | | | || (_| |  ) ) ) )
  '  |____| .__|_| |_|_| |_\__, | / / / /
 =========|_|==============|___/=/_/_/_/
 :: Spring Boot ::                (v3.2.7)

]]></system-out>
  </testcase>
  <testcase name="invalidResource_streamRequest_responds404" classname="springboot3_aws_lambda.api_gateway.StreamLambdaHandlerTest" time="0.008">
    <system-out><![CDATA[2024-07-13T16:14:10.574+05:30  WARN 21180 --- [           main] o.s.web.servlet.PageNotFound             : No mapping for GET /pong
2024-07-13T16:14:10.577+05:30  WARN 21180 --- [           main] o.s.web.servlet.PageNotFound             : No endpoint GET /pong.
]]></system-out>
  </testcase>
</testsuite>